2025-07-01T05:45:43 | touched: README.md
2026-01-01T13:36:57 | touched: LICENSE
2025-10-14T12:11:17 | touched: .Logs
2025-03-01T07:52:32 | touched: Cargo.toml
2025-03-27T18:26:40 | touched: Cargo.toml
2025-07-29T20:43:44 | touched: .Logs
2026-01-03T22:25:59 | touched: LICENSE
2025-12-20T01:57:42 | touched: .Logs
2025-01-04T17:39:57 | touched: LICENSE
2026-01-18T07:58:24 | touched: README.md
2026-01-14T01:03:18 | touched: Cargo.toml
2025-07-23T06:44:46 | touched: .Logs
2025-08-02T05:09:08 | touched: .Logs
2025-12-02T11:28:04 | touched: README.md
2025-09-08T00:32:31 | touched: src/main.rs
2025-05-10T07:04:37 | touched: .Logs
2025-02-25T09:15:53 | touched: src/lib.rs
2025-09-16T23:15:55 | touched: src/main.rs
2025-02-12T19:28:11 | touched: src/lib.rs
2025-09-15T15:15:11 | touched: .Logs
2025-06-22T08:51:59 | touched: LICENSE
2025-06-13T21:38:17 | touched: src/lib.rs
2025-04-13T16:19:15 | touched: src/lib.rs
2025-05-12T11:12:20 | touched: LICENSE
2025-11-13T15:09:43 | touched: Cargo.toml
2025-01-18T12:46:34 | touched: LICENSE
2025-08-22T04:51:13 | touched: LICENSE
2025-02-04T02:51:11 | touched: .Logs
2025-12-06T15:02:12 | touched: .Logs
2025-02-19T11:16:25 | touched: Cargo.toml
2025-07-27T03:16:11 | touched: .Logs
2025-11-26T14:08:41 | touched: src/lib.rs
2025-06-07T03:30:12 | touched: README.md
2025-06-05T06:20:22 | touched: src/lib.rs
2025-09-29T19:26:45 | touched: .Logs
2025-03-22T05:53:17 | touched: .Logs
2025-06-27T00:41:01 | touched: .Logs
2025-10-14T17:30:35 | touched: LICENSE
2025-01-12T01:44:10 | touched: .Logs
2025-11-18T05:43:51 | touched: src/lib.rs
